--------------------------------------------------------------------------------
Release 14.7 Trace  (nt64)
Copyright (c) 1995-2013 Xilinx, Inc.  All rights reserved.

D:\Xilinx\14.7\ISE_DS\ISE\bin\nt64\unwrapped\trce.exe -intstyle ise -v 3 -s 4
-n 3 -fastpaths -xml MY_abs.twx MY_abs.ncd -o MY_abs.twr MY_abs.pcf

Design file:              MY_abs.ncd
Physical constraint file: MY_abs.pcf
Device,package,speed:     xc3sd1800a,fg676,-4 (PRODUCTION 1.34 2013-10-13)
Report level:             verbose report

Environment Variable      Effect 
--------------------      ------ 
NONE                      No environment variables were set
--------------------------------------------------------------------------------

INFO:Timing:2698 - No timing constraints found, doing default enumeration.
INFO:Timing:3412 - To improve timing, see the Timing Closure User Guide (UG612).
INFO:Timing:2752 - To get complete path coverage, use the unconstrained paths 
   option. All paths that are not constrained will be reported in the 
   unconstrained paths section(s) of the report.
INFO:Timing:3339 - The clock-to-out numbers in this timing report are based on 
   a 50 Ohm transmission line loading model.  For the details of this model, 
   and for more information on accounting for different loading conditions, 
   please see the device datasheet.
INFO:Timing:3390 - This architecture does not support a default System Jitter 
   value, please add SYSTEM_JITTER constraint to the UCF to modify the Clock 
   Uncertainty calculation.
INFO:Timing:3389 - This architecture does not support 'Discrete Jitter' and 
   'Phase Error' calculations, these terms will be zero in the Clock 
   Uncertainty calculation.  Please make appropriate modification to 
   SYSTEM_JITTER to account for the unsupported Discrete Jitter and Phase 
   Error.



Data Sheet report:
-----------------
All values displayed in nanoseconds (ns)

Pad to Pad
---------------+---------------+---------+
Source Pad     |Destination Pad|  Delay  |
---------------+---------------+---------+
A<0>           |Abs_A<0>       |    7.316|
A<0>           |Abs_A<1>       |  125.935|
A<0>           |Abs_A<2>       |  141.852|
A<0>           |Abs_A<3>       |  149.051|
A<0>           |Abs_A<4>       |  157.975|
A<0>           |Abs_A<5>       |  162.549|
A<0>           |Abs_A<6>       |  172.076|
A<0>           |Abs_A<7>       |  176.722|
A<1>           |Abs_A<1>       |  123.104|
A<1>           |Abs_A<2>       |  139.021|
A<1>           |Abs_A<3>       |  146.220|
A<1>           |Abs_A<4>       |  155.144|
A<1>           |Abs_A<5>       |  159.718|
A<1>           |Abs_A<6>       |  169.245|
A<1>           |Abs_A<7>       |  173.891|
A<2>           |Abs_A<1>       |  118.828|
A<2>           |Abs_A<2>       |  134.745|
A<2>           |Abs_A<3>       |  141.944|
A<2>           |Abs_A<4>       |  150.868|
A<2>           |Abs_A<5>       |  155.442|
A<2>           |Abs_A<6>       |  164.969|
A<2>           |Abs_A<7>       |  169.615|
A<3>           |Abs_A<1>       |  114.948|
A<3>           |Abs_A<2>       |  130.865|
A<3>           |Abs_A<3>       |  138.064|
A<3>           |Abs_A<4>       |  146.988|
A<3>           |Abs_A<5>       |  151.562|
A<3>           |Abs_A<6>       |  161.089|
A<3>           |Abs_A<7>       |  165.735|
A<4>           |Abs_A<1>       |  110.390|
A<4>           |Abs_A<2>       |  126.307|
A<4>           |Abs_A<3>       |  133.506|
A<4>           |Abs_A<4>       |  142.430|
A<4>           |Abs_A<5>       |  147.004|
A<4>           |Abs_A<6>       |  156.531|
A<4>           |Abs_A<7>       |  161.177|
A<5>           |Abs_A<1>       |  107.509|
A<5>           |Abs_A<2>       |  123.426|
A<5>           |Abs_A<3>       |  130.625|
A<5>           |Abs_A<4>       |  139.549|
A<5>           |Abs_A<5>       |  144.123|
A<5>           |Abs_A<6>       |  153.650|
A<5>           |Abs_A<7>       |  158.296|
A<6>           |Abs_A<1>       |  103.563|
A<6>           |Abs_A<2>       |  119.480|
A<6>           |Abs_A<3>       |  126.679|
A<6>           |Abs_A<4>       |  135.603|
A<6>           |Abs_A<5>       |  140.177|
A<6>           |Abs_A<6>       |  149.704|
A<6>           |Abs_A<7>       |  154.350|
A<7>           |Abs_A<0>       |    9.226|
A<7>           |Abs_A<1>       |   99.855|
A<7>           |Abs_A<2>       |  115.772|
A<7>           |Abs_A<3>       |  122.971|
A<7>           |Abs_A<4>       |  131.895|
A<7>           |Abs_A<5>       |  136.469|
A<7>           |Abs_A<6>       |  145.996|
A<7>           |Abs_A<7>       |  150.642|
---------------+---------------+---------+


Analysis completed Mon Dec 10 18:09:57 2018 
--------------------------------------------------------------------------------

Trace Settings:
-------------------------
Trace Settings 

Peak Memory Usage: 4619 MB



